<?xml version="1.0" encoding="UTF-8"?>
<testng-results ignored="0" total="3" passed="3" failed="0" skipped="0">
  <reporter-output>
  </reporter-output>
  <suite started-at="2025-09-04T20:07:01 IST" name="Default suite" finished-at="2025-09-04T20:07:12 IST" duration-ms="11256">
    <groups>
    </groups>
    <test started-at="2025-09-04T20:07:01 IST" name="Default test" finished-at="2025-09-04T20:07:12 IST" duration-ms="11256">
      <class name="apptest.LoginTests">
        <test-method is-config="true" signature="setUp()[pri:0, instance:apptest.LoginTests@7ae0a9ec]" started-at="2025-09-04T20:07:01 IST" name="setUp" finished-at="2025-09-04T20:07:04 IST" duration-ms="3756" status="PASS">
          <reporter-output>
          </reporter-output>
        </test-method> <!-- setUp -->
        <test-method signature="testInvaqlidLoginShowsErrorMsg()[pri:0, instance:apptest.LoginTests@7ae0a9ec]" started-at="2025-09-04T20:07:04 IST" name="testInvaqlidLoginShowsErrorMsg" finished-at="2025-09-04T20:07:05 IST" duration-ms="573" status="PASS">
          <reporter-output>
          </reporter-output>
        </test-method> <!-- testInvaqlidLoginShowsErrorMsg -->
        <test-method is-config="true" signature="tearDown()[pri:0, instance:apptest.LoginTests@7ae0a9ec]" started-at="2025-09-04T20:07:05 IST" name="tearDown" finished-at="2025-09-04T20:07:05 IST" duration-ms="285" status="PASS">
          <reporter-output>
          </reporter-output>
        </test-method> <!-- tearDown -->
        <test-method is-config="true" signature="setUp()[pri:0, instance:apptest.LoginTests@7ae0a9ec]" started-at="2025-09-04T20:07:05 IST" name="setUp" finished-at="2025-09-04T20:07:08 IST" duration-ms="2775" status="PASS">
          <reporter-output>
          </reporter-output>
        </test-method> <!-- setUp -->
        <test-method signature="testLoginButtonDisableWhenFieldsEmpty()[pri:0, instance:apptest.LoginTests@7ae0a9ec]" started-at="2025-09-04T20:07:08 IST" name="testLoginButtonDisableWhenFieldsEmpty" finished-at="2025-09-04T20:07:08 IST" duration-ms="3" status="PASS">
          <reporter-output>
          </reporter-output>
        </test-method> <!-- testLoginButtonDisableWhenFieldsEmpty -->
        <test-method is-config="true" signature="tearDown()[pri:0, instance:apptest.LoginTests@7ae0a9ec]" started-at="2025-09-04T20:07:08 IST" name="tearDown" finished-at="2025-09-04T20:07:08 IST" duration-ms="474" status="PASS">
          <reporter-output>
          </reporter-output>
        </test-method> <!-- tearDown -->
        <test-method is-config="true" signature="setUp()[pri:0, instance:apptest.LoginTests@7ae0a9ec]" started-at="2025-09-04T20:07:08 IST" name="setUp" finished-at="2025-09-04T20:07:11 IST" duration-ms="2689" status="PASS">
          <reporter-output>
          </reporter-output>
        </test-method> <!-- setUp -->
        <test-method signature="testPasswordMaskedButton()[pri:0, instance:apptest.LoginTests@7ae0a9ec]" started-at="2025-09-04T20:07:11 IST" name="testPasswordMaskedButton" finished-at="2025-09-04T20:07:11 IST" duration-ms="342" status="PASS">
          <reporter-output>
          </reporter-output>
        </test-method> <!-- testPasswordMaskedButton -->
        <test-method is-config="true" signature="tearDown()[pri:0, instance:apptest.LoginTests@7ae0a9ec]" started-at="2025-09-04T20:07:11 IST" name="tearDown" finished-at="2025-09-04T20:07:12 IST" duration-ms="298" status="PASS">
          <reporter-output>
          </reporter-output>
        </test-method> <!-- tearDown -->
      </class> <!-- apptest.LoginTests -->
    </test> <!-- Default test -->
  </suite> <!-- Default suite -->
</testng-results>
