<?xml version="1.0" encoding="UTF-8"?>
<!-- Generated by org.testng.reporters.JUnitXMLReporter -->
<testsuite ignored="0" hostname="Babu" failures="0" tests="3" name="Default test" time="11.256" errors="0" timestamp="2025-09-04T20:07:12 IST">
  <testcase classname="apptest.LoginTests" name="testInvaqlidLoginShowsErrorMsg" time="0.573"/>
  <testcase classname="apptest.LoginTests" name="testLoginButtonDisableWhenFieldsEmpty" time="0.003"/>
  <testcase classname="apptest.LoginTests" name="testPasswordMaskedButton" time="0.342"/>
</testsuite> <!-- Default test -->
